This is pdfTeX, Version 3.141592653-2.6-1.40.23 (TeX Live 2022/dev) (preloaded format=pdflatex 2022.3.5)  30 MAR 2022 17:41
entering extended mode
 restricted \write18 enabled.
 %&-line parsing enabled.
**thesis.tex
(./thesis.tex
LaTeX2e <2021-06-01> patch level 1
L3 programming layer <2021-08-27> (./isuthesis.cls
Document Class: isuthesis 2011/02/14 v1.03 (Joe Struss)
Document Class: isuthesis 2011/02/14

(/Users/spencergordonwadsworth/Library/TinyTeX/texmf-dist/tex/latex/base/report
.cls
Document Class: report 2021/02/12 v1.4n Standard LaTeX document class

(/Users/spencergordonwadsworth/Library/TinyTeX/texmf-dist/tex/latex/base/size11
.clo
File: size11.clo 2021/02/12 v1.4n Standard LaTeX file (size option)
)
\c@part=\count182
\c@chapter=\count183
\c@section=\count184
\c@subsection=\count185
\c@subsubsection=\count186
\c@paragraph=\count187
\c@subparagraph=\count188
\c@figure=\count189
\c@table=\count190
\abovecaptionskip=\skip47
\belowcaptionskip=\skip48
\bibindent=\dimen138
)
(/Users/spencergordonwadsworth/Library/TinyTeX/texmf-dist/tex/latex/geometry/ge
ometry.sty
Package: geometry 2020/01/02 v5.9 Page Geometry

(/Users/spencergordonwadsworth/Library/TinyTeX/texmf-dist/tex/latex/graphics/ke
yval.sty
Package: keyval 2014/10/28 v1.15 key=value parser (DPC)
\KV@toks@=\toks16
)
(/Users/spencergordonwadsworth/Library/TinyTeX/texmf-dist/tex/generic/iftex/ifv
tex.sty
Package: ifvtex 2019/10/25 v1.7 ifvtex legacy package. Use iftex instead.

(/Users/spencergordonwadsworth/Library/TinyTeX/texmf-dist/tex/generic/iftex/ift
ex.sty
Package: iftex 2020/03/06 v1.0d TeX engine tests
))
\Gm@cnth=\count191
\Gm@cntv=\count192
\c@Gm@tempcnt=\count193
\Gm@bindingoffset=\dimen139
\Gm@wd@mp=\dimen140
\Gm@odd@mp=\dimen141
\Gm@even@mp=\dimen142
\Gm@layoutwidth=\dimen143
\Gm@layoutheight=\dimen144
\Gm@layouthoffset=\dimen145
\Gm@layoutvoffset=\dimen146
\Gm@dimlist=\toks17
)
\captionwidth=\dimen147
\@deptnum=\count194
\@majornum=\count195
\@numcomm=\count196
\@signwidth=\dimen148
\signdeptnum=\count197
\signmajornum=\count198
\@linecount=\count199
)
(/Users/spencergordonwadsworth/Library/TinyTeX/texmf-dist/tex/latex/graphics/gr
aphicx.sty
Package: graphicx 2020/12/05 v1.2c Enhanced LaTeX Graphics (DPC,SPQR)

(/Users/spencergordonwadsworth/Library/TinyTeX/texmf-dist/tex/latex/graphics/gr
aphics.sty
Package: graphics 2021/03/04 v1.4d Standard LaTeX Graphics (DPC,SPQR)

(/Users/spencergordonwadsworth/Library/TinyTeX/texmf-dist/tex/latex/graphics/tr
ig.sty
Package: trig 2016/01/03 v1.10 sin cos tan (DPC)
)
(/Users/spencergordonwadsworth/Library/TinyTeX/texmf-dist/tex/latex/graphics-cf
g/graphics.cfg
File: graphics.cfg 2016/06/04 v1.11 sample graphics configuration
)
Package graphics Info: Driver file: pdftex.def on input line 107.

(/Users/spencergordonwadsworth/Library/TinyTeX/texmf-dist/tex/latex/graphics-de
f/pdftex.def
File: pdftex.def 2020/10/05 v1.2a Graphics/color driver for pdftex
))
\Gin@req@height=\dimen149
\Gin@req@width=\dimen150
)
(/Users/spencergordonwadsworth/Library/TinyTeX/texmf-dist/tex/latex/framed/fram
ed.sty
Package: framed 2011/10/22 v 0.96: framed or shaded text with page breaks
\OuterFrameSep=\skip49
\fb@frw=\dimen151
\fb@frh=\dimen152
\FrameRule=\dimen153
\FrameSep=\dimen154
)
(/Users/spencergordonwadsworth/Library/TinyTeX/texmf-dist/tex/latex/changepage/
changepage.sty
Package: changepage 2009/10/20 v1.0c check page and change page layout
\c@cp@cntr=\count266
\cp@tempcnt=\count267
)
(/Users/spencergordonwadsworth/Library/TinyTeX/texmf-dist/tex/latex/amsfonts/am
sfonts.sty
Package: amsfonts 2013/01/14 v3.01 Basic AMSFonts support
\@emptytoks=\toks18
\symAMSa=\mathgroup4
\symAMSb=\mathgroup5
LaTeX Font Info:    Redeclaring math symbol \hbar on input line 98.
LaTeX Font Info:    Overwriting math alphabet `\mathfrak' in version `bold'
(Font)                  U/euf/m/n --> U/euf/b/n on input line 106.
)
(/Users/spencergordonwadsworth/Library/TinyTeX/texmf-dist/tex/latex/listings/li
stings.sty
\lst@mode=\count268
\lst@gtempboxa=\box50
\lst@token=\toks19
\lst@length=\count269
\lst@currlwidth=\dimen155
\lst@column=\count270
\lst@pos=\count271
\lst@lostspace=\dimen156
\lst@width=\dimen157
\lst@newlines=\count272
\lst@lineno=\count273
\lst@maxwidth=\dimen158

(/Users/spencergordonwadsworth/Library/TinyTeX/texmf-dist/tex/latex/listings/ls
tmisc.sty
File: lstmisc.sty 2020/03/24 1.8d (Carsten Heinz)
\c@lstnumber=\count274
\lst@skipnumbers=\count275
\lst@framebox=\box51
)
(/Users/spencergordonwadsworth/Library/TinyTeX/texmf-dist/tex/latex/listings/li
stings.cfg
File: listings.cfg 2020/03/24 1.8d listings configuration
))
Package: listings 2020/03/24 1.8d (Carsten Heinz)

(/Users/spencergordonwadsworth/Library/TinyTeX/texmf-dist/tex/latex/xcolor/xcol
or.sty
Package: xcolor 2016/05/11 v2.12 LaTeX color extensions (UK)

(/Users/spencergordonwadsworth/Library/TinyTeX/texmf-dist/tex/latex/graphics-cf
g/color.cfg
File: color.cfg 2016/01/02 v1.6 sample color configuration
)
Package xcolor Info: Driver file: pdftex.def on input line 225.
Package xcolor Info: Model `cmy' substituted by `cmy0' on input line 1348.
Package xcolor Info: Model `hsb' substituted by `rgb' on input line 1352.
Package xcolor Info: Model `RGB' extended on input line 1364.
Package xcolor Info: Model `HTML' substituted by `rgb' on input line 1366.
Package xcolor Info: Model `Hsb' substituted by `hsb' on input line 1367.
Package xcolor Info: Model `tHsb' substituted by `hsb' on input line 1368.
Package xcolor Info: Model `HSB' substituted by `hsb' on input line 1369.
Package xcolor Info: Model `Gray' substituted by `gray' on input line 1370.
Package xcolor Info: Model `wave' substituted by `hsb' on input line 1371.

(/Users/spencergordonwadsworth/Library/TinyTeX/texmf-dist/tex/latex/xcolor/svgn
am.def
File: svgnam.def 2016/05/11 v2.12 Predefined colors according to SVG 1.1 (UK)
))
(/Users/spencergordonwadsworth/Library/TinyTeX/texmf-dist/tex/latex/subfig/subf
ig.sty
Package: subfig 2005/06/28 ver: 1.3 subfig package

(/Users/spencergordonwadsworth/Library/TinyTeX/texmf-dist/tex/latex/caption/cap
tion.sty
Package: caption 2022/03/01 v3.6b Customizing captions (AR)

(/Users/spencergordonwadsworth/Library/TinyTeX/texmf-dist/tex/latex/caption/cap
tion3.sty
Package: caption3 2022/03/17 v2.3b caption3 kernel (AR)
\caption@tempdima=\dimen159
\captionmargin=\dimen160
\caption@leftmargin=\dimen161
\caption@rightmargin=\dimen162
\caption@width=\dimen163
\caption@indent=\dimen164
\caption@parindent=\dimen165
\caption@hangindent=\dimen166
Package caption Info: Unknown document class (or package),
(caption)             standard defaults will be used.
Package caption Info: \@makecaption = \long macro:#1#2-> \vskip 10pt \newbox \@
tempboxb \setbox \@tempboxa \hbox {#2} \setbox \@tempboxb \hbox {#1~~~} \advanc
e \captionwidth by -\wd \@tempboxb \ifdim \captionwidth < \wd \@tempboxa \hbox 
to \hsize {\hfil \box \@tempboxb \parbox [t]{\captionwidth }{\unhbox \@tempboxa
 }\hfil } \else \hbox to \hsize {\hfil \box \@tempboxb \box \@tempboxa \hfil } 
\fi  on input line 1176.
)

Package caption Warning: Unknown document class (or package),
(caption)                standard defaults will be used.
See the caption package documentation for explanation.

\c@caption@flags=\count276
\c@continuedfloat=\count277
Package caption Info: changepage package is loaded.
\caption@adjustwidth@hsize=\dimen167
\caption@adjustwidth@linewidth=\dimen168
Package caption Info: listings package is loaded.
)
\c@KVtest=\count278
\sf@farskip=\skip50
\sf@captopadj=\dimen169
\sf@capskip=\skip51
\sf@nearskip=\skip52
\c@subfigure=\count279
\c@subfigure@save=\count280
\c@lofdepth=\count281
\c@subtable=\count282
\c@subtable@save=\count283
\c@lotdepth=\count284
\sf@top=\skip53
\sf@bottom=\skip54
) (./isutraditional.sty)
(/Users/spencergordonwadsworth/Library/TinyTeX/texmf-dist/tex/latex/graphics/ro
tating.sty
Package: rotating 2016/08/11 v2.16d rotated objects in LaTeX

(/Users/spencergordonwadsworth/Library/TinyTeX/texmf-dist/tex/latex/base/ifthen
.sty
Package: ifthen 2020/11/24 v1.1c Standard LaTeX ifthen package (DPC)
)
\c@r@tfl@t=\count285
\rotFPtop=\skip55
\rotFPbot=\skip56
\rot@float@box=\box52
\rot@mess@toks=\toks20
)
(/Users/spencergordonwadsworth/Library/TinyTeX/texmf-dist/tex/latex/natbib/natb
ib.sty
Package: natbib 2010/09/13 8.31b (PWD, AO)
\bibhang=\skip57
\bibsep=\skip58
LaTeX Info: Redefining \cite on input line 694.
\c@NAT@ctr=\count286
)
(/Users/spencergordonwadsworth/Library/TinyTeX/texmf-dist/tex/latex/listings/ls
tlang1.sty
File: lstlang1.sty 2020/03/24 1.8d listings language file
)
(/Users/spencergordonwadsworth/Library/TinyTeX/texmf-dist/tex/latex/listings/ls
tlang2.sty
File: lstlang2.sty 2020/03/24 1.8d listings language file
)
(/Users/spencergordonwadsworth/Library/TinyTeX/texmf-dist/tex/latex/listings/ls
tlang3.sty
File: lstlang3.sty 2020/03/24 1.8d listings language file
)
(/Users/spencergordonwadsworth/Library/TinyTeX/texmf-dist/tex/latex/cite/chapte
rbib.sty
\c@inputfile=\count287
Package: chapterbib 2010/09/18  v 1.17
)
(/Users/spencergordonwadsworth/Library/TinyTeX/texmf-dist/tex/latex/hyperref/hy
perref.sty
Package: hyperref 2021-06-07 v7.00m Hypertext links for LaTeX

(/Users/spencergordonwadsworth/Library/TinyTeX/texmf-dist/tex/generic/ltxcmds/l
txcmds.sty
Package: ltxcmds 2020-05-10 v1.25 LaTeX kernel commands for general use (HO)
)
(/Users/spencergordonwadsworth/Library/TinyTeX/texmf-dist/tex/generic/pdftexcmd
s/pdftexcmds.sty
Package: pdftexcmds 2020-06-27 v0.33 Utility functions of pdfTeX for LuaTeX (HO
)

(/Users/spencergordonwadsworth/Library/TinyTeX/texmf-dist/tex/generic/infwarerr
/infwarerr.sty
Package: infwarerr 2019/12/03 v1.5 Providing info/warning/error messages (HO)
)
Package pdftexcmds Info: \pdf@primitive is available.
Package pdftexcmds Info: \pdf@ifprimitive is available.
Package pdftexcmds Info: \pdfdraftmode found.
)
(/Users/spencergordonwadsworth/Library/TinyTeX/texmf-dist/tex/generic/kvsetkeys
/kvsetkeys.sty
Package: kvsetkeys 2019/12/15 v1.18 Key value parser (HO)
)
(/Users/spencergordonwadsworth/Library/TinyTeX/texmf-dist/tex/generic/kvdefinek
eys/kvdefinekeys.sty
Package: kvdefinekeys 2019-12-19 v1.6 Define keys (HO)
)
(/Users/spencergordonwadsworth/Library/TinyTeX/texmf-dist/tex/generic/pdfescape
/pdfescape.sty
Package: pdfescape 2019/12/09 v1.15 Implements pdfTeX's escape features (HO)
)
(/Users/spencergordonwadsworth/Library/TinyTeX/texmf-dist/tex/latex/hycolor/hyc
olor.sty
Package: hycolor 2020-01-27 v1.10 Color options for hyperref/bookmark (HO)
)
(/Users/spencergordonwadsworth/Library/TinyTeX/texmf-dist/tex/latex/letltxmacro
/letltxmacro.sty
Package: letltxmacro 2019/12/03 v1.6 Let assignment for LaTeX macros (HO)
)
(/Users/spencergordonwadsworth/Library/TinyTeX/texmf-dist/tex/latex/auxhook/aux
hook.sty
Package: auxhook 2019-12-17 v1.6 Hooks for auxiliary files (HO)
)
(/Users/spencergordonwadsworth/Library/TinyTeX/texmf-dist/tex/latex/kvoptions/k
voptions.sty
Package: kvoptions 2020-10-07 v3.14 Key value format for package options (HO)
)
\@linkdim=\dimen170
\Hy@linkcounter=\count288
\Hy@pagecounter=\count289

(/Users/spencergordonwadsworth/Library/TinyTeX/texmf-dist/tex/latex/hyperref/pd
1enc.def
File: pd1enc.def 2021-06-07 v7.00m Hyperref: PDFDocEncoding definition (HO)
Now handling font encoding PD1 ...
... no UTF-8 mapping file for font encoding PD1
)
(/Users/spencergordonwadsworth/Library/TinyTeX/texmf-dist/tex/latex/hyperref/hy
perref-langpatches.def
File: hyperref-langpatches.def 2021-06-07 v7.00m Hyperref: patches for babel la
nguages
)
(/Users/spencergordonwadsworth/Library/TinyTeX/texmf-dist/tex/generic/intcalc/i
ntcalc.sty
Package: intcalc 2019/12/15 v1.3 Expandable calculations with integers (HO)
)
(/Users/spencergordonwadsworth/Library/TinyTeX/texmf-dist/tex/generic/etexcmds/
etexcmds.sty
Package: etexcmds 2019/12/15 v1.7 Avoid name clashes with e-TeX commands (HO)
)
\Hy@SavedSpaceFactor=\count290

(/Users/spencergordonwadsworth/Library/TinyTeX/texmf-dist/tex/latex/hyperref/pu
enc.def
File: puenc.def 2021-06-07 v7.00m Hyperref: PDF Unicode definition (HO)
Now handling font encoding PU ...
... no UTF-8 mapping file for font encoding PU
)
Package hyperref Info: Option `hypertexnames' set `false' on input line 4073.
Package hyperref Info: Option `linktocpage' set `true' on input line 4073.
Package hyperref Info: Hyper figures OFF on input line 4192.
Package hyperref Info: Link nesting OFF on input line 4197.
Package hyperref Info: Hyper index ON on input line 4200.
Package hyperref Info: Plain pages OFF on input line 4207.
Package hyperref Info: Backreferencing OFF on input line 4212.
Package hyperref Info: Implicit mode ON; LaTeX internals redefined.
Package hyperref Info: Bookmarks ON on input line 4445.
\c@Hy@tempcnt=\count291

(/Users/spencergordonwadsworth/Library/TinyTeX/texmf-dist/tex/latex/url/url.sty
\Urlmuskip=\muskip16
Package: url 2013/09/16  ver 3.4  Verb mode for urls, etc.
)
LaTeX Info: Redefining \url on input line 4804.
\XeTeXLinkMargin=\dimen171

(/Users/spencergordonwadsworth/Library/TinyTeX/texmf-dist/tex/generic/bitset/bi
tset.sty
Package: bitset 2019/12/09 v1.3 Handle bit-vector datatype (HO)

(/Users/spencergordonwadsworth/Library/TinyTeX/texmf-dist/tex/generic/bigintcal
c/bigintcalc.sty
Package: bigintcalc 2019/12/15 v1.5 Expandable calculations on big integers (HO
)
))
\Fld@menulength=\count292
\Field@Width=\dimen172
\Fld@charsize=\dimen173
Package hyperref Info: Hyper figures OFF on input line 6076.
Package hyperref Info: Link nesting OFF on input line 6081.
Package hyperref Info: Hyper index ON on input line 6084.
Package hyperref Info: backreferencing OFF on input line 6091.
Package hyperref Info: Link coloring OFF on input line 6096.
Package hyperref Info: Link coloring with OCG OFF on input line 6101.
Package hyperref Info: PDF/A mode OFF on input line 6106.
LaTeX Info: Redefining \ref on input line 6146.
LaTeX Info: Redefining \pageref on input line 6150.

(/Users/spencergordonwadsworth/Library/TinyTeX/texmf-dist/tex/latex/base/atbegs
hi-ltx.sty
Package: atbegshi-ltx 2021/01/10 v1.0c Emulation of the original atbegshi
package with kernel methods
)
\Hy@abspage=\count293
\c@Item=\count294
\c@Hfootnote=\count295
)
Package hyperref Info: Driver: hpdftex.

(/Users/spencergordonwadsworth/Library/TinyTeX/texmf-dist/tex/latex/hyperref/hp
dftex.def
File: hpdftex.def 2021-06-07 v7.00m Hyperref driver for pdfTeX

(/Users/spencergordonwadsworth/Library/TinyTeX/texmf-dist/tex/latex/base/atvery
end-ltx.sty
Package: atveryend-ltx 2020/08/19 v1.0a Emulation of the original atvery packag
e
with kernel methods
)
\Fld@listcount=\count296
\c@bookmark@seq@number=\count297

(/Users/spencergordonwadsworth/Library/TinyTeX/texmf-dist/tex/latex/rerunfilech
eck/rerunfilecheck.sty
Package: rerunfilecheck 2019/12/05 v1.9 Rerun checks for auxiliary files (HO)

(/Users/spencergordonwadsworth/Library/TinyTeX/texmf-dist/tex/generic/uniquecou
nter/uniquecounter.sty
Package: uniquecounter 2019/12/15 v1.4 Provide unlimited unique counter (HO)
)
Package uniquecounter Info: New unique counter `rerunfilecheck' on input line 2
86.
)
\Hy@SectionHShift=\skip59
)
Package hyperref Info: Option `colorlinks' set `true' on input line 52.
Package hyperref Info: Option `bookmarksnumbered' set `true' on input line 52.

(/Users/spencergordonwadsworth/Library/TinyTeX/texmf-dist/tex/latex/etoolbox/et
oolbox.sty
Package: etoolbox 2020/10/05 v2.5k e-TeX tools for LaTeX (JAW)
\etb@tempcnta=\count298
)
(/Users/spencergordonwadsworth/Library/TinyTeX/texmf-dist/tex/latex/nowidow/now
idow.sty
Package: nowidow 2011/09/20 1.0 Easily prevent widows and orphans
Package: nowidow 
)
(/Users/spencergordonwadsworth/Library/TinyTeX/texmf-dist/tex/latex/amsfonts/am
ssymb.sty
Package: amssymb 2013/01/14 v3.01 AMS font symbols
)
(/Users/spencergordonwadsworth/Library/TinyTeX/texmf-dist/tex/latex/nomencl/nom
encl.sty
Package: nomencl 2021/11/10 v5.6 Nomenclature package

(/Users/spencergordonwadsworth/Library/TinyTeX/texmf-dist/tex/latex/xkeyval/xke
yval.sty
Package: xkeyval 2020/11/20 v2.8 package option processing (HA)

(/Users/spencergordonwadsworth/Library/TinyTeX/texmf-dist/tex/generic/xkeyval/x
keyval.tex
(/Users/spencergordonwadsworth/Library/TinyTeX/texmf-dist/tex/generic/xkeyval/x
kvutils.tex
\XKV@toks=\toks21
\XKV@tempa@toks=\toks22
)
\XKV@depth=\count299
File: xkeyval.tex 2014/12/03 v2.7a key=value parser (HA)
))
(/Users/spencergordonwadsworth/Library/TinyTeX/texmf-dist/tex/latex/koma-script
/tocbasic.sty
Package: tocbasic 2021/11/13 v3.35 KOMA-Script package (handling toc-files)

(/Users/spencergordonwadsworth/Library/TinyTeX/texmf-dist/tex/latex/koma-script
/scrbase.sty
Package: scrbase 2021/11/13 v3.35 KOMA-Script package (KOMA-Script-independent 
basics and keyval usage)

(/Users/spencergordonwadsworth/Library/TinyTeX/texmf-dist/tex/latex/koma-script
/scrlfile.sty
Package: scrlfile 2021/11/13 v3.35 KOMA-Script package (file load hooks)

(/Users/spencergordonwadsworth/Library/TinyTeX/texmf-dist/tex/latex/koma-script
/scrlfile-hook-3.34.sty
Package: scrlfile-hook-3.34 2021/11/13 v3.35 KOMA-Script package (using LaTeX h
ooks)

(/Users/spencergordonwadsworth/Library/TinyTeX/texmf-dist/tex/latex/koma-script
/scrlogo.sty
Package: scrlogo 2021/11/13 v3.35 KOMA-Script package (logo)
)))
Applying: [2021/05/01] Usage of raw or classic option list on input line 252.
Already applied: [0000/00/00] Usage of raw or classic option list on input line
 368.
)
\scr@dte@tocline@numberwidth=\skip60
\scr@dte@tocline@numbox=\box53
)
Package tocbasic Info: babel extension for `nlo' omitted
(tocbasic)             because of missing \bbl@set@language on input line 187.
Package tocbasic Info: babel extension for `nls' omitted
(tocbasic)             because of missing \bbl@set@language on input line 188.
\nomlabelwidth=\dimen174
\nom@tempdim=\dimen175
\nomitemsep=\skip61
)
(/Library/Frameworks/R.framework/Resources/share/texmf/tex/latex/Sweave.sty
Package: Sweave 

(/Users/spencergordonwadsworth/Library/TinyTeX/texmf-dist/tex/latex/fancyvrb/fa
ncyvrb.sty
Package: fancyvrb 2021/08/12 v3.8 verbatim text (tvz,hv)
\FV@CodeLineNo=\count300
\FV@InFile=\read2
\FV@TabBox=\box54
\c@FancyVerbLine=\count301
\FV@StepNumber=\count302
\FV@OutFile=\write3
)
(/Users/spencergordonwadsworth/Library/TinyTeX/texmf-dist/tex/latex/base/textco
mp.sty
Package: textcomp 2020/02/02 v2.0n Standard LaTeX package
)
(/Users/spencergordonwadsworth/Library/TinyTeX/texmf-dist/tex/latex/base/fonten
c.sty
Package: fontenc 2021/04/29 v2.0v Standard LaTeX package
)
(/Users/spencergordonwadsworth/Library/TinyTeX/texmf-dist/tex/latex/ae/ae.sty
Package: ae 2001/02/12 1.3 Almost European Computer Modern

(/Users/spencergordonwadsworth/Library/TinyTeX/texmf-dist/tex/latex/base/fonten
c.sty
Package: fontenc 2021/04/29 v2.0v Standard LaTeX package
)))
LaTeX Font Info:    Trying to load font information for T1+aer on input line 12
9.

(/Users/spencergordonwadsworth/Library/TinyTeX/texmf-dist/tex/latex/ae/t1aer.fd
File: t1aer.fd 1997/11/16 Font definitions for T1/aer.
)
(/Users/spencergordonwadsworth/Library/TinyTeX/texmf-dist/tex/latex/l3backend/l
3backend-pdftex.def
File: l3backend-pdftex.def 2021-08-04 L3 backend support: PDF output (pdfTeX)
\l__color_backend_stack_int=\count303
\l__pdf_internal_box=\box55
) (./thesis.aux (./Preface/titlepage.aux)
(./Preface/dedication.aux) (./Preface/nomenclature.aux) (./Preface/acknowl.aux)
(./Preface/abstract.aux)

LaTeX Warning: Label `table:dstan' multiply defined.

)
\openout1 = `thesis.aux'.

LaTeX Font Info:    Checking defaults for OML/cmm/m/it on input line 129.
LaTeX Font Info:    ... okay on input line 129.
LaTeX Font Info:    Checking defaults for OMS/cmsy/m/n on input line 129.
LaTeX Font Info:    ... okay on input line 129.
LaTeX Font Info:    Checking defaults for OT1/cmr/m/n on input line 129.
LaTeX Font Info:    ... okay on input line 129.
LaTeX Font Info:    Checking defaults for T1/cmr/m/n on input line 129.
LaTeX Font Info:    ... okay on input line 129.
LaTeX Font Info:    Checking defaults for TS1/cmr/m/n on input line 129.
LaTeX Font Info:    ... okay on input line 129.
LaTeX Font Info:    Checking defaults for OMX/cmex/m/n on input line 129.
LaTeX Font Info:    ... okay on input line 129.
LaTeX Font Info:    Checking defaults for U/cmr/m/n on input line 129.
LaTeX Font Info:    ... okay on input line 129.
LaTeX Font Info:    Checking defaults for PD1/pdf/m/n on input line 129.
LaTeX Font Info:    ... okay on input line 129.
LaTeX Font Info:    Checking defaults for PU/pdf/m/n on input line 129.
LaTeX Font Info:    ... okay on input line 129.

*geometry* driver: auto-detecting
*geometry* detected driver: pdftex
*geometry* verbose mode - [ preamble ] result:
* driver: pdftex
* paper: letterpaper
* layout: <same size as paper>
* layoutoffset:(h,v)=(0.0pt,0.0pt)
* modes: includehead 
* h-part:(L,W,R)=(72.26999pt, 469.75502pt, 72.26999pt)
* v-part:(T,H,B)=(72.26999pt, 650.43001pt, 72.26999pt)
* \paperwidth=614.295pt
* \paperheight=794.96999pt
* \textwidth=469.75502pt
* \textheight=613.43001pt
* \oddsidemargin=0.0pt
* \evensidemargin=0.0pt
* \topmargin=0.0pt
* \headheight=12.0pt
* \headsep=25.0pt
* \topskip=11.0pt
* \footskip=30.0pt
* \marginparwidth=59.0pt
* \marginparsep=10.0pt
* \columnsep=10.0pt
* \skip\footins=10.0pt plus 4.0pt minus 2.0pt
* \hoffset=0.0pt
* \voffset=0.0pt
* \mag=1000
* \@twocolumnfalse
* \@twosidefalse
* \@mparswitchfalse
* \@reversemarginfalse
* (1in=72.27pt=25.4mm, 1cm=28.453pt)


(/Users/spencergordonwadsworth/Library/TinyTeX/texmf-dist/tex/latex/epstopdf-pk
g/epstopdf-base.sty
Package: epstopdf-base 2020-01-24 v2.11 Base part for package epstopdf

(/Users/spencergordonwadsworth/Library/TinyTeX/texmf-dist/tex/latex/grfext/grfe
xt.sty
Package: grfext 2019/12/03 v1.3 Manage graphics extensions (HO)
)
Package epstopdf-base Info: Redefining graphics rule for `.eps' on input line 4
85.
Package grfext Info: Graphics extension search list:
(grfext)             [.pdf,.png,.jpg,.mps,.jpeg,.jbig2,.jb2,.PDF,.PNG,.JPG,.JPE
G,.JBIG2,.JB2,.eps]
(grfext)             \AppendGraphicsExtensions on input line 504.

(/Users/spencergordonwadsworth/Library/TinyTeX/texmf-dist/tex/latex/latexconfig
/epstopdf-sys.cfg
File: epstopdf-sys.cfg 2010/07/13 v1.3 Configuration of (r)epstopdf for TeX Liv
e
))
\c@lstlisting=\count304
Package caption Info: Begin \AtBeginDocument code.
Package caption Info: subfig package v1.3 is loaded.
Package caption Info: hyperref package is loaded.
Package caption Info: rotating package is loaded.
Package caption Info: End \AtBeginDocument code.
Package hyperref Info: Link coloring ON on input line 129.

(/Users/spencergordonwadsworth/Library/TinyTeX/texmf-dist/tex/latex/hyperref/na
meref.sty
Package: nameref 2021-04-02 v2.47 Cross-referencing by name of section

(/Users/spencergordonwadsworth/Library/TinyTeX/texmf-dist/tex/latex/refcount/re
fcount.sty
Package: refcount 2019/12/15 v3.6 Data extraction from label references (HO)
)
(/Users/spencergordonwadsworth/Library/TinyTeX/texmf-dist/tex/generic/gettitles
tring/gettitlestring.sty
Package: gettitlestring 2019/12/15 v1.6 Cleanup title references (HO)
)
\c@section@level=\count305
)
LaTeX Info: Redefining \ref on input line 129.
LaTeX Info: Redefining \pageref on input line 129.
LaTeX Info: Redefining \nameref on input line 129.
 (./thesis.out) (./thesis.out)
\@outlinefile=\write4
\openout4 = `thesis.out'.


(./thesis-concordance.tex)
\openout2 = `Preface/titlepage.aux'.

 (./Preface/titlepage.tex)
LaTeX Font Info:    Trying to load font information for TS1+aer on input line 1
34.

(/Library/Frameworks/R.framework/Resources/share/texmf/tex/latex/ts1aer.fd
File: ts1aer.fd 
)
LaTeX Font Info:    Font shape `TS1/aer/m/n' in size <10.95> not available
(Font)              Font shape `TS1/cmr/m/n' tried instead on input line 134.

[1




{/Users/spencergordonwadsworth/Library/TinyTeX/texmf-var/fonts/map/pdftex/updma
p/pdftex.map}]
\openout2 = `Preface/dedication.aux'.

 (./Preface/dedication.tex) [2





] (./thesis.toc
LaTeX Font Info:    Trying to load font information for U+msa on input line 7.

(/Users/spencergordonwadsworth/Library/TinyTeX/texmf-dist/tex/latex/amsfonts/um
sa.fd
File: umsa.fd 2013/01/14 v3.01 AMS symbols A
)
LaTeX Font Info:    Trying to load font information for U+msb on input line 7.

(/Users/spencergordonwadsworth/Library/TinyTeX/texmf-dist/tex/latex/amsfonts/um
sb.fd
File: umsb.fd 2013/01/14 v3.01 AMS symbols B
))
\tf@toc=\write5
\openout5 = `thesis.toc'.

 [3



] (./thesis.lot)
\tf@lot=\write6
\openout6 = `thesis.lot'.

 [4


] (./thesis.lof)
\tf@lof=\write7
\openout7 = `thesis.lof'.

 [5


]
\openout2 = `Preface/nomenclature.aux'.

 (./Preface/nomenclature.tex
\@nomenclaturefile=\write8
\openout8 = `thesis.nlo'.

Package nomencl Info: Writing nomenclature file thesis.nlo on input line 1.

No file thesis.nls.
)
\openout2 = `Preface/acknowl.aux'.

 (./Preface/acknowl.tex
ACKNOWLEDGMENTS
) [6









]
\openout2 = `Preface/abstract.aux'.

 (./Preface/abstract.tex
ABSTRACT
) [7






] [1


] [2]
<Images/8_30_21_cvd_deaths.jpeg, id=264, 1927.2pt x 1798.46906pt>
File: Images/8_30_21_cvd_deaths.jpeg Graphic file (type jpg)
<use Images/8_30_21_cvd_deaths.jpeg>
Package pdftex.def Info: Images/8_30_21_cvd_deaths.jpeg  used on input line 296
.
(pdftex.def)             Requested size: 231.25403pt x 215.80698pt.
 [3] [4 <./Images/8_30_21_cvd_deaths.jpeg>] [5] [6] [7] [8]
[9]
LaTeX Font Info:    Trying to load font information for T1+aett on input line 5
99.

(/Users/spencergordonwadsworth/Library/TinyTeX/texmf-dist/tex/latex/ae/t1aett.f
d
File: t1aett.fd 1997/11/16 Font definitions for T1/aett.
) [10] [11] [12]

LaTeX Warning: `h' float specifier changed to `ht'.

[13] [14] [15] [16]
<Images/dens_cum_comp.png, id=468, 2822.545pt x 2714.14pt>
File: Images/dens_cum_comp.png Graphic file (type png)
<use Images/dens_cum_comp.png>
Package pdftex.def Info: Images/dens_cum_comp.png  used on input line 964.
(pdftex.def)             Requested size: 282.27104pt x 271.4299pt.
 [17] [18 <./Images/dens_cum_comp.png>] [19]
Overfull \hbox (4.62856pt too wide) in paragraph at lines 1054--1054
[]\T1/aer/b/n/10.95 Representation| 
 []


Underfull \hbox (badness 10000) in paragraph at lines 1056--1057
[]\T1/aer/b/n/10.95 Storage Re-quire-
 []


Underfull \hbox (badness 10000) in paragraph at lines 1063--1063
[]\T1/aer/m/n/10.95 CRPS and
 []


Underfull \hbox (badness 10000) in paragraph at lines 1063--1063
\T1/aer/m/n/10.95 IS. LogS af-ter
 []


Underfull \hbox (badness 10000) in paragraph at lines 1064--1065
[]\T1/aer/m/n/10.95 BMA af-ter
 []


Underfull \hbox (badness 10000) in paragraph at lines 1064--1065
\T1/aer/m/n/10.95 smooth-ing.
 []


Underfull \hbox (badness 5091) in paragraph at lines 1064--1065
\T1/aer/m/n/10.95 Re-sam-pling oth-
 []


Underfull \hbox (badness 2790) in paragraph at lines 1066--1067
[]\T1/aer/m/n/10.95 Hundreds or thou-
 []


Underfull \hbox (badness 10000) in paragraph at lines 1069--1069
[]\T1/aer/m/n/10.95 Discretized
 []


Underfull \hbox (badness 10000) in paragraph at lines 1070--1071
[]\T1/aer/m/n/10.95 Any shape al-lowed,
 []


Underfull \hbox (badness 2150) in paragraph at lines 1070--1071
\T1/aer/m/n/10.95 scheme. Range also
 []


Underfull \hbox (badness 10000) in paragraph at lines 1076--1077
[]\T1/aer/m/n/10.95 Shape un-known but
 []


Underfull \hbox (badness 1325) in paragraph at lines 1076--1077
\T1/aer/m/n/10.95 with enough quan-tiles
 []


Underfull \hbox (badness 4156) in paragraph at lines 1078--1078
[]\T1/aer/m/n/10.95 Quantile av-er-ag-
 []


Underfull \hbox (badness 10000) in paragraph at lines 1078--1080
[]\T1/aer/m/n/10.95 Depends on re-
 []


Underfull \hbox (badness 10000) in paragraph at lines 1078--1080
\T1/aer/m/n/10.95 quested quan-tiles.
 []


Underfull \hbox (badness 5189) in paragraph at lines 1078--1080
\T1/aer/m/n/10.95 Per-haps dozens of
 []


Underfull \hbox (badness 4479) in paragraph at lines 1082--1084
[]\T1/aer/m/n/10.95 With enough com-po-
 []


Underfull \hbox (badness 1303) in paragraph at lines 1085--1086
[]\T1/aer/m/n/10.95 3 val-ues to dozens
 []


Underfull \hbox (badness 3291) in paragraph at lines 1085--1086
\T1/aer/m/n/10.95 ing on num-ber of
 []


Overfull \hbox (44.6436pt too wide) in paragraph at lines 1052--1094
[][] 
 []

[20]

Package caption Warning: \label without proper reference on input line 1150.
See the caption package documentation for explanation.


LaTeX Warning: Reference `tab:dstan' on page 21 undefined on input line 1171.

[21] [22] [23]
<Images/toyfors12.png, id=536, 3617.515pt x 1287.81125pt>
File: Images/toyfors12.png Graphic file (type png)
<use Images/toyfors12.png>
Package pdftex.def Info: Images/toyfors12.png  used on input line 1308.
(pdftex.def)             Requested size: 542.60385pt x 193.16335pt.
 [24 <./Images/toyfors12.png>] [25]
<Images/mix_ense.png, id=556, 2504.35625pt x 1287.81125pt>
File: Images/mix_ense.png Graphic file (type png)
<use Images/mix_ense.png>
Package pdftex.def Info: Images/mix_ense.png  used on input line 1406.
(pdftex.def)             Requested size: 375.63724pt x 193.16335pt.
 [26] [27 <./Images/mix_ense.png>]

LaTeX Warning: Reference `eq:msd' on page 28 undefined on input line 1485.

[28]

LaTeX Warning: Reference `eq:msd' on page 29 undefined on input line 1513.


Overfull \hbox (43.63545pt too wide) in paragraph at lines 1567--1577
 [][] 
 []


LaTeX Warning: `h' float specifier changed to `ht'.

<Images/flu_fit_17_10_3.png, id=578, 3015.265pt x 2056.68375pt>
File: Images/flu_fit_17_10_3.png Graphic file (type png)
<use Images/flu_fit_17_10_3.png>
Package pdftex.def Info: Images/flu_fit_17_10_3.png  used on input line 1582.
(pdftex.def)             Requested size: 452.27025pt x 308.48926pt.
[29] [30 <./Images/flu_fit_17_10_3.png>] [31] [32]
Overfull \hbox (5.16791pt too wide) in paragraph at lines 1682--1693
 [][] 
 []

<Images/qq_11_12_5.png, id=611, 3015.265pt x 2056.68375pt>
File: Images/qq_11_12_5.png Graphic file (type png)
<use Images/qq_11_12_5.png>
Package pdftex.def Info: Images/qq_11_12_5.png  used on input line 1699.
(pdftex.def)             Requested size: 452.27025pt x 308.48926pt.
<Images/cdf_11_12_5.png, id=612, 3015.265pt x 2056.68375pt>
File: Images/cdf_11_12_5.png Graphic file (type png)
<use Images/cdf_11_12_5.png>
Package pdftex.def Info: Images/cdf_11_12_5.png  used on input line 1708.
(pdftex.def)             Requested size: 452.27025pt x 308.48926pt.
[33 <./Images/qq_11_12_5.png>] [34 <./Images/cdf_11_12_5.png>] [35]
(./thesis.bbl [36] [37] [38])
LaTeX Font Info:    Trying to load font information for TS1+aett on input line 
1820.

(/Library/Frameworks/R.framework/Resources/share/texmf/tex/latex/ts1aett.fd
File: ts1aett.fd 
)
LaTeX Font Info:    Trying to load font information for TS1+cmtt on input line 
1820.

(/Users/spencergordonwadsworth/Library/TinyTeX/texmf-dist/tex/latex/base/ts1cmt
t.fd
File: ts1cmtt.fd 2019/12/16 v2.5j Standard LaTeX font definitions
)
LaTeX Font Info:    Font shape `TS1/aett/m/sl' in size <10.95> not available
(Font)              Font shape `TS1/cmtt/m/sl' tried instead on input line 1820
.
 [39] [40] [41] (./thesis.aux (./Preface/titlepage.aux)
(./Preface/dedication.aux) (./Preface/nomenclature.aux) (./Preface/acknowl.aux)
(./Preface/abstract.aux))

LaTeX Warning: There were undefined references.


LaTeX Warning: There were multiply-defined labels.

Package rerunfilecheck Info: File `thesis.out' has not changed.
(rerunfilecheck)             Checksum: 4DA9B9E47B0C7CD1D0801A8D578C1789;4442.
 ) 
Here is how much of TeX's memory you used:
 15394 strings out of 480559
 241033 string characters out of 5901192
 608572 words of memory out of 5000000
 32539 multiletter control sequences out of 15000+600000
 422177 words of font info for 69 fonts, out of 8000000 for 9000
 14 hyphenation exceptions out of 8191
 110i,11n,108p,459b,539s stack positions out of 5000i,500n,10000p,200000b,80000s
 </Users/spencergordonwadsworth/Library/TinyTeX/texmf-var/fonts/pk/ljfour/jkn
appen/ec/tcst1095.600pk> </Users/spencergordonwadsworth/Library/TinyTeX/texmf-v
ar/fonts/pk/ljfour/jknappen/ec/tcrm1095.600pk></Users/spencergordonwadsworth/Li
brary/TinyTeX/texmf-dist/fonts/type1/public/amsfonts/cm/cmb10.pfb></Users/spenc
ergordonwadsworth/Library/TinyTeX/texmf-dist/fonts/type1/public/amsfonts/cm/cme
x10.pfb></Users/spencergordonwadsworth/Library/TinyTeX/texmf-dist/fonts/type1/p
ublic/amsfonts/cm/cmmi10.pfb></Users/spencergordonwadsworth/Library/TinyTeX/tex
mf-dist/fonts/type1/public/amsfonts/cm/cmmi6.pfb></Users/spencergordonwadsworth
/Library/TinyTeX/texmf-dist/fonts/type1/public/amsfonts/cm/cmmi8.pfb></Users/sp
encergordonwadsworth/Library/TinyTeX/texmf-dist/fonts/type1/public/amsfonts/cm/
cmr10.pfb></Users/spencergordonwadsworth/Library/TinyTeX/texmf-dist/fonts/type1
/public/amsfonts/cm/cmr6.pfb></Users/spencergordonwadsworth/Library/TinyTeX/tex
mf-dist/fonts/type1/public/amsfonts/cm/cmr8.pfb></Users/spencergordonwadsworth/
Library/TinyTeX/texmf-dist/fonts/type1/public/amsfonts/cm/cmsltt10.pfb></Users/
spencergordonwadsworth/Library/TinyTeX/texmf-dist/fonts/type1/public/amsfonts/c
m/cmsy10.pfb></Users/spencergordonwadsworth/Library/TinyTeX/texmf-dist/fonts/ty
pe1/public/amsfonts/cm/cmsy6.pfb></Users/spencergordonwadsworth/Library/TinyTeX
/texmf-dist/fonts/type1/public/amsfonts/cm/cmsy8.pfb></Users/spencergordonwadsw
orth/Library/TinyTeX/texmf-dist/fonts/type1/public/amsfonts/cm/cmti10.pfb></Use
rs/spencergordonwadsworth/Library/TinyTeX/texmf-dist/fonts/type1/public/amsfont
s/cm/cmtt10.pfb></Users/spencergordonwadsworth/Library/TinyTeX/texmf-dist/fonts
/type1/public/amsfonts/symbols/msbm10.pfb>
Output written on thesis.pdf (48 pages, 2168086 bytes).
PDF statistics:
 767 PDF objects out of 1000 (max. 8388607)
 664 compressed objects within 7 object streams
 165 named destinations out of 1000 (max. 500000)
 224 words of extra memory for PDF output out of 10000 (max. 10000000)

